<?xml version="1.0" encoding="UTF-8"?>
<!-- Generated by org.testng.reporters.JUnitReportReporter -->
<testsuite hostname="Bharani" failures="0" tests="1" name="scripts.Test2" time="0.001" errors="0" timestamp="2022-10-19T08:34:07 IST" skipped="0">
  <testcase classname="scripts.Test2" name="tc3" time="0.001"/>
  <system-out>
    <![CDATA[hello python]]>
  </system-out>
</testsuite> <!-- scripts.Test2 -->
