<?xml version="1.0" encoding="UTF-8"?>
<!-- Generated by org.testng.reporters.JUnitReportReporter -->
<testsuite hostname="Bharani" failures="0" tests="1" name="scripts.Test3" time="0.010" errors="0" timestamp="2022-10-19T08:34:07 IST" skipped="0">
  <testcase classname="scripts.Test3" name="tc4" time="0.010"/>
  <system-out>
    <![CDATA[hello API]]>
  </system-out>
</testsuite> <!-- scripts.Test3 -->
